2021-04-27 14:44:33+1000: GTP Engine starting...
2021-04-27 14:44:33+1000: KataGo v1.8.2
2021-04-27 14:44:33+1000: Using TrompTaylor rules initially, unless GTP/GUI overrides this
2021-04-27 14:44:33+1000: Using 10 CPU thread(s) for search
2021-04-27 14:44:33+1000: nnRandSeed0 = 2090311036822134287
2021-04-27 14:44:33+1000: After dedups: nnModelFile0 = ..\Engines\katago-v1.8.2-opencl-windows-x64\g170-b40c256x2-s5095420928-d1229425124.bin.gz useFP16 auto useNHWC auto
2021-04-27 14:44:34+1000: Found OpenCL Platform 0: NVIDIA CUDA (NVIDIA Corporation) (OpenCL 1.2 CUDA 11.1.96)
2021-04-27 14:44:34+1000: Found 1 device(s) on platform 0 with type CPU or GPU or Accelerator
2021-04-27 14:44:34+1000: Found OpenCL Device 0: GeForce GTX 1070 Ti (NVIDIA Corporation) (score 11000102)
2021-04-27 14:44:34+1000: Creating context for OpenCL Platform: NVIDIA CUDA (NVIDIA Corporation) (OpenCL 1.2 CUDA 11.1.96)
2021-04-27 14:44:34+1000: Using OpenCL Device 0: GeForce GTX 1070 Ti (NVIDIA Corporation) OpenCL 1.2 CUDA (Extensions: cl_khr_global_int32_base_atomics cl_khr_global_int32_extended_atomics cl_khr_local_int32_base_atomics cl_khr_local_int32_extended_atomics cl_khr_fp64 cl_khr_byte_addressable_store cl_khr_icd cl_khr_gl_sharing cl_nv_compiler_options cl_nv_device_attribute_query cl_nv_pragma_unroll cl_nv_d3d10_sharing cl_khr_d3d10_sharing cl_nv_d3d11_sharing cl_nv_copy_opts cl_nv_create_buffer cl_khr_int64_base_atomics cl_khr_int64_extended_atomics cl_khr_device_uuid)
2021-04-27 14:44:34+1000: Loaded tuning parameters from: C:\Users\danie\Documents\Go Games\Go Teacher Sai\Engines\katago-v1.8.2-opencl-windows-x64/KataGoData/opencltuning/tune8_gpuGeForceGTX1070Ti_x19_y19_c256_mv8.txt
2021-04-27 14:44:34+1000: OpenCL backend thread 0: Model version 8
2021-04-27 14:44:34+1000: OpenCL backend thread 0: Model name: g170-b40c256x2-s5095420928-d1229425124
2021-04-27 14:44:39+1000: OpenCL backend thread 0: FP16Storage false FP16Compute false FP16TensorCores false
2021-04-27 14:44:39+1000: Loaded neural net with nnXLen 19 nnYLen 19
2021-04-27 14:44:39+1000: Loaded config C:\Users\danie\Documents\Go Games\Go Teacher Sai\Engines\katago-v1.8.2-opencl-windows-x64/default_gtp.cfg
2021-04-27 14:44:39+1000: Loaded model ..\Engines\katago-v1.8.2-opencl-windows-x64\g170-b40c256x2-s5095420928-d1229425124.bin.gz
2021-04-27 14:44:39+1000: Model name: g170-b40c256x2-s5095420928-d1229425124
2021-04-27 14:44:39+1000: GTP ready, beginning main protocol loop
2021-04-27 14:44:54+1000: Controller: loadsgf sgf_files/Sai_W_vs_Human_B_2021-04-27_14-44-50.sgf
2021-04-27 14:44:54+1000: Sgf has no rules, using default rules: koPOSITIONALscoreAREAtaxNONEsui1komi7.5
2021-04-27 14:44:54+1000: = 
2021-04-27 14:44:54+1000: Controller: genmove white
2021-04-27 14:44:56+1000: MoveNum: 0 HASH: 20D027FF3D8F63642B79C3F658C233F1
   A B C D E F G H J K L M N O P Q R S T
19 . . . . . . . . . . . . . . . . . . .
18 . . . . . . . . . . . . . . . . . . .
17 . . . . . . . . . . . . . . . . . . .
16 . . . . . . . . . . . . . . . @ . . .
15 . . . . . . . . . . . . . . . . . . .
14 . . . . . . . . . . . . . . . . . . .
13 . . . . . . . . . . . . . . . . . . .
12 . . . . . . . . . . . . . . . . . . .
11 . . . . . . . . . . . . . . . . . . .
10 . . . . . . . . . . . . . . . . . . .
 9 . . . . . . . . . . . . . . . . . . .
 8 . . . . . . . . . . . . . . . . . . .
 7 . . . . . . . . . . . . . . . . . . .
 6 . . . . . . . . . . . . . . . . . . .
 5 . . . . . . . . . . . . . . . . . . .
 4 . . . X . . . . . . . . . . . . . . .
 3 . . . . . . . . . . . . . . . . . . .
 2 . . . . . . . . . . . . . . . . . . .
 1 . . . . . . . . . . . . . . . . . . .

koPOSITIONALscoreAREAtaxNONEsui1komi7.5
Time taken: 2.14
Root visits: 509
New playouts: 509
NN rows: 390
NN batches: 81
NN avg batch size: 4.81481
PV: Q16 D16 Q4 R17 R16 Q17 P16 O17 C3
Tree:
: T  18.55c W  18.24c S   0.31c ( +1.4 L  +0.7) N     509  --  Q16 D16 Q4 R17 R16 Q17 P16
---White(^)---
Q16 : T  19.09c W  18.77c S   0.31c ( +1.4 L  +0.8) LCB   17.97c P 30.05% WF 144.9 PSV     166 N     144  --  Q16 D16 Q4 R17 R16 Q17 P16 O17
Q4  : T  18.96c W  18.59c S   0.37c ( +1.4 L  +0.8) LCB   17.90c P 27.55% WF 140.6 PSV     130 N     140  --  Q4 D16 Q16 R17 Q17 R16 Q15 S14
D16 : T  18.73c W  18.46c S   0.27c ( +1.4 L  +0.8) LCB   17.70c P 25.45% WF 143.1 PSV     115 N     143  --  D16 Q4 Q16 R17 Q17 R16 Q15 R14
Q17 : T  16.95c W  16.68c S   0.27c ( +1.2 L  +0.6) LCB   12.62c P  2.70% WF  17.7 PSV       9 N      18  --  Q17 Q4 D16 Q15 R15 R14
R16 : T  16.74c W  16.46c S   0.28c ( +1.2 L  +0.6) LCB   14.16c P  2.34% WF  13.7 PSV       7 N      14  --  R16 Q4 D16 C17 D17 C16
D17 : T  16.56c W  16.16c S   0.40c ( +1.1 L  +0.6) LCB   13.16c P  2.30% WF  11.8 PSV       7 N      12  --  D17 Q16 Q4 C15 F16
R4  : T  16.37c W  16.19c S   0.17c ( +1.1 L  +0.6) LCB   13.75c P  2.15% WF  12.7 PSV       6 N      13  --  R4 Q16 D16 P3 Q6
C16 : T  16.21c W  15.98c S   0.24c ( +1.1 L  +0.6) LCB   11.40c P  2.02% WF   9.8 PSV       6 N      10  --  C16 Q16 Q4 E17 D15
Q3  : T  16.39c W  16.13c S   0.25c ( +1.1 L  +0.6) LCB   10.45c P  1.54% WF   9.8 PSV       4 N      10  --  Q3 Q16 D16 R5 O4
R3  : T  14.84c W  14.68c S   0.16c ( +1.0 L  +0.5) LCB  -67.46c P  0.45% WF   3.9 PSV       1 N       4  --  R3 Q16 C16

2021-04-27 14:44:56+1000: = Q16
2021-04-27 14:44:56+1000: Controller: showboard
2021-04-27 14:44:56+1000: = MoveNum: 1 HASH: EB5B48764F3CF87F19236A45508C4ACB
   A B C D E F G H J K L M N O P Q R S T
19 . . . . . . . . . . . . . . . . . . .
18 . . . . . . . . . . . . . . . . . . .
17 . . . . . . . . . . . . . . . . . . .
16 . . . . . . . . . . . . . . . O1. . .
15 . . . . . . . . . . . . . . . . . . .
14 . . . . . . . . . . . . . . . . . . .
13 . . . . . . . . . . . . . . . . . . .
12 . . . . . . . . . . . . . . . . . . .
11 . . . . . . . . . . . . . . . . . . .
10 . . . . . . . . . . . . . . . . . . .
 9 . . . . . . . . . . . . . . . . . . .
 8 . . . . . . . . . . . . . . . . . . .
 7 . . . . . . . . . . . . . . . . . . .
 6 . . . . . . . . . . . . . . . . . . .
 5 . . . . . . . . . . . . . . . . . . .
 4 . . . X . . . . . . . . . . . . . . .
 3 . . . . . . . . . . . . . . . . . . .
 2 . . . . . . . . . . . . . . . . . . .
 1 . . . . . . . . . . . . . . . . . . .
Next player: Black
Rules: {"friendlyPassOk":false,"hasButton":false,"ko":"POSITIONAL","komi":7.5,"scoring":"AREA","suicide":true,"tax":"NONE","whiteHandicapBonus":"0"}
B stones captured: 0
W stones captured: 0
2021-04-27 14:45:04+1000: Controller: loadsgf sgf_files/Sai_W_vs_Human_B_2021-04-27_14-44-50.sgf
2021-04-27 14:45:04+1000: Sgf has no rules, using default rules: koPOSITIONALscoreAREAtaxNONEsui1komi7.5
2021-04-27 14:45:04+1000: = 
2021-04-27 14:45:04+1000: Controller: genmove white
2021-04-27 14:45:06+1000: MoveNum: 0 HASH: 95F7AC627DCACBF3483FBCB0466EE13C
   A B C D E F G H J K L M N O P Q R S T
19 . . . . . . . . . . . . . . . . . . .
18 . . . . . . . . . . . . . . . . . . .
17 . . . . . . . . . . . . . . . . . . .
16 . . . X . . . . . . . . . . . O . . .
15 . . . . . . . . . . . . . . . . . . .
14 . . . . . . . . . . . . . . . . . . .
13 . . . . . . . . . . . . . . . . . . .
12 . . . . . . . . . . . . . . . . . . .
11 . . . . . . . . . . . . . . . . . . .
10 . . . . . . . . . . . . . . . . . . .
 9 . . . . . . . . . . . . . . . . . . .
 8 . . . . . . . . . . . . . . . . . . .
 7 . . . . . . . . . . . . . . . . . . .
 6 . . . . . . . . . . . . . . . . . . .
 5 . . . . . . . . . . . . . . . . . . .
 4 . . . X . . . . . . . . . . . @ . . .
 3 . . . . . . . . . . . . . . . . . . .
 2 . . . . . . . . . . . . . . . . . . .
 1 . . . . . . . . . . . . . . . . . . .

koPOSITIONALscoreAREAtaxNONEsui1komi7.5
Time taken: 2.265
Root visits: 509
New playouts: 509
NN rows: 463
NN batches: 95
NN avg batch size: 4.87368
PV: Q4 R3 Q3 R4 Q5 S6 C3 C4 D3 F3 E3 E4 F2 R17 Q17
Tree:
: T  17.56c W  17.32c S   0.24c ( +1.2 L  +0.7) N     509  --  Q4 R3 Q3 R4 Q5 S6 C3
---White(^)---
Q4  : T  17.92c W  17.62c S   0.30c ( +1.3 L  +0.7) LCB   17.03c P 77.78% WF 388.7 PSV     387 N     387  --  Q4 R3 Q3 R4 Q5 S6 C3 C4
Q3  : T  17.01c W  16.91c S   0.09c ( +1.1 L  +0.6) LCB   15.70c P 15.31% WF  79.2 PSV      65 N      80  --  Q3 R17 R16 Q17 P16 O17 O16 N17
R4  : T  16.67c W  16.56c S   0.11c ( +1.1 L  +0.6) LCB   14.76c P  3.68% WF  28.6 PSV      14 N      29  --  R4 P3 Q5 R17 Q17 R16
R3  : T  12.98c W  13.64c S  -0.66c ( +0.8 L  +0.4) LCB   -6.74c P  0.60% WF   6.7 PSV       1 N       7  --  R3 R17 R16 Q17 P16 O17
C17 : T  11.05c W  11.03c S   0.02c ( +0.6 L  +0.4) LCB -158.85c P  0.17% WF   2.9 PSV       0 N       3  --  C17 C16 D17
Q5  : T   7.61c W   8.13c S  -0.53c ( +0.3 L  +0.1) LCB -280.00c P  0.17% WF   1.9 PSV       0 N       2  --  Q5 R3

2021-04-27 14:45:06+1000: = Q4
2021-04-27 14:45:06+1000: Controller: showboard
2021-04-27 14:45:06+1000: = MoveNum: 1 HASH: 6B5B1AFF2824160255A0857BEEE4F549
   A B C D E F G H J K L M N O P Q R S T
19 . . . . . . . . . . . . . . . . . . .
18 . . . . . . . . . . . . . . . . . . .
17 . . . . . . . . . . . . . . . . . . .
16 . . . X . . . . . . . . . . . O . . .
15 . . . . . . . . . . . . . . . . . . .
14 . . . . . . . . . . . . . . . . . . .
13 . . . . . . . . . . . . . . . . . . .
12 . . . . . . . . . . . . . . . . . . .
11 . . . . . . . . . . . . . . . . . . .
10 . . . . . . . . . . . . . . . . . . .
 9 . . . . . . . . . . . . . . . . . . .
 8 . . . . . . . . . . . . . . . . . . .
 7 . . . . . . . . . . . . . . . . . . .
 6 . . . . . . . . . . . . . . . . . . .
 5 . . . . . . . . . . . . . . . . . . .
 4 . . . X . . . . . . . . . . . O1. . .
 3 . . . . . . . . . . . . . . . . . . .
 2 . . . . . . . . . . . . . . . . . . .
 1 . . . . . . . . . . . . . . . . . . .
Next player: Black
Rules: {"friendlyPassOk":false,"hasButton":false,"ko":"POSITIONAL","komi":7.5,"scoring":"AREA","suicide":true,"tax":"NONE","whiteHandicapBonus":"0"}
B stones captured: 0
W stones captured: 0
2021-04-27 14:45:19+1000: Controller: loadsgf sgf_files/Sai_W_vs_Human_B_2021-04-27_14-44-50.sgf
2021-04-27 14:45:19+1000: Sgf has no rules, using default rules: koPOSITIONALscoreAREAtaxNONEsui1komi7.5
2021-04-27 14:45:19+1000: = 
2021-04-27 14:45:19+1000: Controller: genmove white
2021-04-27 14:45:22+1000: MoveNum: 0 HASH: 2CB751B6BA95A1BDDBB14F142A541295
   A B C D E F G H J K L M N O P Q R S T
19 . . . . . . . . . . . . . . . . . . .
18 . . . . . . . . . . . . . . . . . . .
17 . . . . . . . . . . . . . . . . . . .
16 . . . X . . . . . . . . . . . O . . .
15 . . . . . . . . . . . . . . . . . . .
14 . . . . . . . . . . . . . . . . . . .
13 . . . . . . . . . . . . . . . . . . .
12 . . . . . . . . . . . . . . . . . . .
11 . . . . . . . . . . . . . . . . . . .
10 . . X . . . . . . . . . . . . . . . .
 9 . . . . . . . . . . . . . . . . . . .
 8 . . . . . . . . . . . . . . . . . . .
 7 . . . . . . . . . . . . . . . . . . .
 6 . . . . . . . . . . . . . . . . . . .
 5 . . . . . . . . . . . . . . . . . . .
 4 . . . X . . . . . . . . . . . O . . .
 3 . . @ . . . . . . . . . . . . . . . .
 2 . . . . . . . . . . . . . . . . . . .
 1 . . . . . . . . . . . . . . . . . . .

koPOSITIONALscoreAREAtaxNONEsui1komi7.5
Time taken: 2.297
Root visits: 509
New playouts: 509
NN rows: 467
NN batches: 95
NN avg batch size: 4.91579
PV: C3 C4 D3 E4 F2 F17 O17 R3 R4 Q3
Tree:
: T  27.08c W  26.20c S   0.88c ( +2.2 L  +1.2) N     509  --  C3 C4 D3 E4 F2 F17 O17
---White(^)---
C3  : T  27.97c W  26.99c S   0.98c ( +2.2 L  +1.2) LCB   26.62c P 41.67% WF 202.2 PSV     241 N     200  --  C3 C4 D3 E4 F2 F17 O17 R3
C17 : T  27.58c W  26.68c S   0.90c ( +2.2 L  +1.2) LCB   26.35c P 39.43% WF 193.9 PSV     177 N     193  --  C17 C16 D17 E16 F18 F4 N3 R17
F17 : T  25.42c W  24.78c S   0.64c ( +2.1 L  +1.1) LCB   22.92c P  6.16% WF  39.1 PSV      20 N      40  --  F17 R3 R4 Q3 P4 O3 C3
F3  : T  24.54c W  24.12c S   0.42c ( +2.0 L  +1.1) LCB   22.18c P  3.65% WF  22.3 PSV      10 N      23  --  F3 R17 R16 Q17 P16 O17
O3  : T  23.74c W  23.38c S   0.36c ( +1.8 L  +1.0) LCB   20.46c P  2.25% WF  14.5 PSV       6 N      15  --  O3 F17 F3 R17
O17 : T  24.51c W  23.78c S   0.73c ( +1.9 L  +1.1) LCB   17.36c P  1.28% WF  12.7 PSV       3 N      13  --  O17 F3 F17 O3
R6  : T  24.23c W  23.21c S   1.02c ( +1.9 L  +1.0) LCB   14.53c P  0.80% WF   9.7 PSV       2 N      10  --  R6 R17 R16 Q17
R14 : T  24.15c W  22.87c S   1.28c ( +1.8 L  +1.0) LCB   15.70c P  0.76% WF   7.8 PSV       2 N       8  --  R14 R3 R4 Q3
N17 : T  22.79c W  21.85c S   0.94c ( +1.7 L  +0.9) LCB -156.66c P  0.26% WF   2.9 PSV       0 N       3  --  N17 R3 R4
N3  : T  23.09c W  22.32c S   0.78c ( +1.7 L  +0.9) LCB -119.11c P  0.21% WF   2.9 PSV       0 N       3  --  N3 R17 R16

2021-04-27 14:45:22+1000: = C3
2021-04-27 14:45:22+1000: Controller: showboard
2021-04-27 14:45:22+1000: = MoveNum: 1 HASH: E00646DCA99441DDCF6DAF688E82D860
   A B C D E F G H J K L M N O P Q R S T
19 . . . . . . . . . . . . . . . . . . .
18 . . . . . . . . . . . . . . . . . . .
17 . . . . . . . . . . . . . . . . . . .
16 . . . X . . . . . . . . . . . O . . .
15 . . . . . . . . . . . . . . . . . . .
14 . . . . . . . . . . . . . . . . . . .
13 . . . . . . . . . . . . . . . . . . .
12 . . . . . . . . . . . . . . . . . . .
11 . . . . . . . . . . . . . . . . . . .
10 . . X . . . . . . . . . . . . . . . .
 9 . . . . . . . . . . . . . . . . . . .
 8 . . . . . . . . . . . . . . . . . . .
 7 . . . . . . . . . . . . . . . . . . .
 6 . . . . . . . . . . . . . . . . . . .
 5 . . . . . . . . . . . . . . . . . . .
 4 . . . X . . . . . . . . . . . O . . .
 3 . . O1. . . . . . . . . . . . . . . .
 2 . . . . . . . . . . . . . . . . . . .
 1 . . . . . . . . . . . . . . . . . . .
Next player: Black
Rules: {"friendlyPassOk":false,"hasButton":false,"ko":"POSITIONAL","komi":7.5,"scoring":"AREA","suicide":true,"tax":"NONE","whiteHandicapBonus":"0"}
B stones captured: 0
W stones captured: 0
2021-04-27 14:46:42+1000: All cleaned up, quitting
