2021-04-27 13:59:14+1000: GTP Engine starting...
2021-04-27 13:59:14+1000: KataGo v1.8.2
2021-04-27 13:59:14+1000: Using TrompTaylor rules initially, unless GTP/GUI overrides this
2021-04-27 13:59:14+1000: Using 10 CPU thread(s) for search
2021-04-27 13:59:14+1000: nnRandSeed0 = 18304166062637547350
2021-04-27 13:59:14+1000: After dedups: nnModelFile0 = ..\Engines\katago-v1.8.2-opencl-windows-x64\g170-b40c256x2-s5095420928-d1229425124.bin.gz useFP16 auto useNHWC auto
2021-04-27 13:59:16+1000: Found OpenCL Platform 0: NVIDIA CUDA (NVIDIA Corporation) (OpenCL 1.2 CUDA 11.1.96)
2021-04-27 13:59:16+1000: Found 1 device(s) on platform 0 with type CPU or GPU or Accelerator
2021-04-27 13:59:16+1000: Found OpenCL Device 0: GeForce GTX 1070 Ti (NVIDIA Corporation) (score 11000102)
2021-04-27 13:59:16+1000: Creating context for OpenCL Platform: NVIDIA CUDA (NVIDIA Corporation) (OpenCL 1.2 CUDA 11.1.96)
2021-04-27 13:59:16+1000: Using OpenCL Device 0: GeForce GTX 1070 Ti (NVIDIA Corporation) OpenCL 1.2 CUDA (Extensions: cl_khr_global_int32_base_atomics cl_khr_global_int32_extended_atomics cl_khr_local_int32_base_atomics cl_khr_local_int32_extended_atomics cl_khr_fp64 cl_khr_byte_addressable_store cl_khr_icd cl_khr_gl_sharing cl_nv_compiler_options cl_nv_device_attribute_query cl_nv_pragma_unroll cl_nv_d3d10_sharing cl_khr_d3d10_sharing cl_nv_d3d11_sharing cl_nv_copy_opts cl_nv_create_buffer cl_khr_int64_base_atomics cl_khr_int64_extended_atomics cl_khr_device_uuid)
2021-04-27 13:59:16+1000: Loaded tuning parameters from: C:\Users\danie\Documents\Go Games\Go Teacher Sai\Engines\katago-v1.8.2-opencl-windows-x64/KataGoData/opencltuning/tune8_gpuGeForceGTX1070Ti_x19_y19_c256_mv8.txt
2021-04-27 13:59:16+1000: OpenCL backend thread 0: Model version 8
2021-04-27 13:59:16+1000: OpenCL backend thread 0: Model name: g170-b40c256x2-s5095420928-d1229425124
2021-04-27 13:59:21+1000: OpenCL backend thread 0: FP16Storage false FP16Compute false FP16TensorCores false
2021-04-27 13:59:21+1000: Loaded neural net with nnXLen 19 nnYLen 19
2021-04-27 13:59:21+1000: Loaded config C:\Users\danie\Documents\Go Games\Go Teacher Sai\Engines\katago-v1.8.2-opencl-windows-x64/default_gtp.cfg
2021-04-27 13:59:21+1000: Loaded model ..\Engines\katago-v1.8.2-opencl-windows-x64\g170-b40c256x2-s5095420928-d1229425124.bin.gz
2021-04-27 13:59:21+1000: Model name: g170-b40c256x2-s5095420928-d1229425124
2021-04-27 13:59:21+1000: GTP ready, beginning main protocol loop
2021-04-27 13:59:28+1000: Controller: loadsgf sgf_files/Sai_W_vs_Human_B_2021-04-27_13-59-24.sgf
2021-04-27 13:59:28+1000: Sgf has no rules, using default rules: koPOSITIONALscoreAREAtaxNONEsui1komi7.5
2021-04-27 13:59:28+1000: = 
2021-04-27 13:59:28+1000: Controller: genmove white
2021-04-27 13:59:31+1000: MoveNum: 0 HASH: 20D027FF3D8F63642B79C3F658C233F1
   A B C D E F G H J K L M N O P Q R S T
19 . . . . . . . . . . . . . . . . . . .
18 . . . . . . . . . . . . . . . . . . .
17 . . . . . . . . . . . . . . . . . . .
16 . . . @ . . . . . . . . . . . . . . .
15 . . . . . . . . . . . . . . . . . . .
14 . . . . . . . . . . . . . . . . . . .
13 . . . . . . . . . . . . . . . . . . .
12 . . . . . . . . . . . . . . . . . . .
11 . . . . . . . . . . . . . . . . . . .
10 . . . . . . . . . . . . . . . . . . .
 9 . . . . . . . . . . . . . . . . . . .
 8 . . . . . . . . . . . . . . . . . . .
 7 . . . . . . . . . . . . . . . . . . .
 6 . . . . . . . . . . . . . . . . . . .
 5 . . . . . . . . . . . . . . . . . . .
 4 . . . X . . . . . . . . . . . . . . .
 3 . . . . . . . . . . . . . . . . . . .
 2 . . . . . . . . . . . . . . . . . . .
 1 . . . . . . . . . . . . . . . . . . .

koPOSITIONALscoreAREAtaxNONEsui1komi7.5
Time taken: 2.094
Root visits: 509
New playouts: 509
NN rows: 389
NN batches: 79
NN avg batch size: 4.92405
PV: Q16 Q4 D16 R17 R16 Q17 P16 O18 C3
Tree:
: T  18.54c W  18.22c S   0.32c ( +1.4 L  +0.7) N     509  --  Q16 Q4 D16 R17 R16 Q17 P16
---White(^)---
Q16 : T  19.11c W  18.72c S   0.39c ( +1.4 L  +0.8) LCB   18.03c P 30.34% WF 146.0 PSV     176 N     145  --  Q16 Q4 D16 R17 R16 Q17 P16 O18
D16 : T  19.02c W  18.62c S   0.40c ( +1.4 L  +0.8) LCB   17.99c P 27.40% WF 140.7 PSV     129 N     140  --  D16 Q16 Q4 C17 D17 C16 C14 C15
Q4  : T  18.75c W  18.47c S   0.27c ( +1.4 L  +0.8) LCB   17.65c P 24.80% WF 135.1 PSV     111 N     135  --  Q4 Q16 D16 C17 D17 C16 C14 C15
Q17 : T  16.94c W  16.60c S   0.34c ( +1.2 L  +0.6) LCB   13.94c P  2.61% WF  17.7 PSV       9 N      18  --  Q17 Q4 D16 R15 P16
R16 : T  16.87c W  16.66c S   0.21c ( +1.2 L  +0.6) LCB   13.75c P  2.61% WF  17.7 PSV       8 N      18  --  R16 D16 Q4 P17 Q14
R4  : T  16.50c W  16.17c S   0.33c ( +1.1 L  +0.6) LCB   13.85c P  2.37% WF  12.7 PSV       7 N      13  --  R4 Q16 D16 P3 Q6
D17 : T  15.76c W  15.84c S  -0.08c ( +1.0 L  +0.6) LCB   12.81c P  2.42% WF  11.7 PSV       7 N      12  --  D17 Q16 Q4 C15 F16
Q3  : T  16.30c W  16.63c S  -0.32c ( +1.1 L  +0.6) LCB   12.52c P  1.95% WF  11.7 PSV       6 N      12  --  Q3 Q16 D16 R5 O4 C17
C16 : T  16.54c W  16.37c S   0.17c ( +1.1 L  +0.6) LCB   11.59c P  1.69% WF  10.8 PSV       5 N      11  --  C16 Q16 Q4 E17 D14 R3
C17 : T  14.58c W  14.40c S   0.18c ( +1.0 L  +0.5) LCB  -70.45c P  0.37% WF   3.9 PSV       0 N       4  --  C17 Q16 R4

2021-04-27 13:59:31+1000: = D16
