2021-04-27 14:09:08+1000: GTP Engine starting...
2021-04-27 14:09:08+1000: KataGo v1.8.2
2021-04-27 14:09:08+1000: Using TrompTaylor rules initially, unless GTP/GUI overrides this
2021-04-27 14:09:08+1000: Using 10 CPU thread(s) for search
2021-04-27 14:09:08+1000: nnRandSeed0 = 17188913449223918372
2021-04-27 14:09:08+1000: After dedups: nnModelFile0 = ..\Engines\katago-v1.8.2-opencl-windows-x64\g170-b40c256x2-s5095420928-d1229425124.bin.gz useFP16 auto useNHWC auto
2021-04-27 14:09:10+1000: Found OpenCL Platform 0: NVIDIA CUDA (NVIDIA Corporation) (OpenCL 1.2 CUDA 11.1.96)
2021-04-27 14:09:10+1000: Found 1 device(s) on platform 0 with type CPU or GPU or Accelerator
2021-04-27 14:09:10+1000: Found OpenCL Device 0: GeForce GTX 1070 Ti (NVIDIA Corporation) (score 11000102)
2021-04-27 14:09:10+1000: Creating context for OpenCL Platform: NVIDIA CUDA (NVIDIA Corporation) (OpenCL 1.2 CUDA 11.1.96)
2021-04-27 14:09:10+1000: Using OpenCL Device 0: GeForce GTX 1070 Ti (NVIDIA Corporation) OpenCL 1.2 CUDA (Extensions: cl_khr_global_int32_base_atomics cl_khr_global_int32_extended_atomics cl_khr_local_int32_base_atomics cl_khr_local_int32_extended_atomics cl_khr_fp64 cl_khr_byte_addressable_store cl_khr_icd cl_khr_gl_sharing cl_nv_compiler_options cl_nv_device_attribute_query cl_nv_pragma_unroll cl_nv_d3d10_sharing cl_khr_d3d10_sharing cl_nv_d3d11_sharing cl_nv_copy_opts cl_nv_create_buffer cl_khr_int64_base_atomics cl_khr_int64_extended_atomics cl_khr_device_uuid)
2021-04-27 14:09:10+1000: Loaded tuning parameters from: C:\Users\danie\Documents\Go Games\Go Teacher Sai\Engines\katago-v1.8.2-opencl-windows-x64/KataGoData/opencltuning/tune8_gpuGeForceGTX1070Ti_x19_y19_c256_mv8.txt
2021-04-27 14:09:10+1000: OpenCL backend thread 0: Model version 8
2021-04-27 14:09:10+1000: OpenCL backend thread 0: Model name: g170-b40c256x2-s5095420928-d1229425124
2021-04-27 14:09:15+1000: OpenCL backend thread 0: FP16Storage false FP16Compute false FP16TensorCores false
2021-04-27 14:09:15+1000: Loaded neural net with nnXLen 19 nnYLen 19
2021-04-27 14:09:15+1000: Loaded config C:\Users\danie\Documents\Go Games\Go Teacher Sai\Engines\katago-v1.8.2-opencl-windows-x64/default_gtp.cfg
2021-04-27 14:09:15+1000: Loaded model ..\Engines\katago-v1.8.2-opencl-windows-x64\g170-b40c256x2-s5095420928-d1229425124.bin.gz
2021-04-27 14:09:15+1000: Model name: g170-b40c256x2-s5095420928-d1229425124
2021-04-27 14:09:15+1000: GTP ready, beginning main protocol loop
2021-04-27 14:09:23+1000: Controller: loadsgf sgf_files/Sai_B_vs_Human_W_2021-04-27_14-9-23.sgf
2021-04-27 14:09:23+1000: Sgf has no rules, using default rules: koPOSITIONALscoreAREAtaxNONEsui1komi7.5
2021-04-27 14:09:23+1000: = 
2021-04-27 14:09:23+1000: Controller: genmove black
2021-04-27 14:09:26+1000: MoveNum: 0 HASH: CDCBC1F514D7E680FACD226074256633
   A B C D E F G H J K L M N O P Q R S T
19 . . . . . . . . . . . . . . . . . . .
18 . . . . . . . . . . . . . . . . . . .
17 . . . . . . . . . . . . . . . @ . . .
16 . . . . . . . . . . . . . . . . . . .
15 . . . . . . . . . . . . . . . . . . .
14 . . . . . . . . . . . . . . . . . . .
13 . . . . . . . . . . . . . . . . . . .
12 . . . . . . . . . . . . . . . . . . .
11 . . . . . . . . . . . . . . . . . . .
10 . . . . . . . . . . . . . . . . . . .
 9 . . . . . . . . . . . . . . . . . . .
 8 . . . . . . . . . . . . . . . . . . .
 7 . . . . . . . . . . . . . . . . . . .
 6 . . . . . . . . . . . . . . . . . . .
 5 . . . . . . . . . . . . . . . . . . .
 4 . . . . . . . . . . . . . . . . . . .
 3 . . . . . . . . . . . . . . . . . . .
 2 . . . . . . . . . . . . . . . . . . .
 1 . . . . . . . . . . . . . . . . . . .

koPOSITIONALscoreAREAtaxNONEsui1komi7.5
Time taken: 2.188
Root visits: 509
New playouts: 509
NN rows: 406
NN batches: 83
NN avg batch size: 4.89157
PV: Q16 D4 D16 Q4 R3 Q3
Tree:
: T -19.82c W -19.42c S  -0.40c ( -1.5 L  -0.8) N     509  --  Q16 D4 D16 Q4 R3 Q3
---Black(^)---
Q16 : T -19.02c W -18.77c S  -0.26c ( -1.4 L  -0.8) LCB  -20.28c P  9.45% WF  57.5 PSV      83 N      57  --  Q16 D4 D16 Q4 R3 Q3
D16 : T -18.88c W -18.67c S  -0.21c ( -1.4 L  -0.8) LCB  -20.34c P  9.60% WF  62.6 PSV      62 N      62  --  D16 Q4 Q16 D4 C3 D3 C4
D4  : T -19.12c W -18.82c S  -0.30c ( -1.4 L  -0.8) LCB  -20.49c P  9.08% WF  58.4 PSV      56 N      58  --  D4 Q16 D16 Q4 R3 R4
Q4  : T -19.19c W -19.16c S  -0.03c ( -1.5 L  -0.8) LCB  -20.74c P  9.25% WF  55.3 PSV      55 N      55  --  Q4 D16 Q16 D4 C17 C16
Q17 : T -19.52c W -19.24c S  -0.28c ( -1.5 L  -0.8) LCB  -21.65c P  5.98% WF  35.1 PSV      33 N      35  --  Q17 Q4 D16 D4 C3 D3
D3  : T -19.99c W -19.38c S  -0.62c ( -1.5 L  -0.8) LCB  -21.94c P  6.17% WF  33.9 PSV      31 N      34  --  D3 D16 Q4 Q16 R17 Q17
R4  : T -19.83c W -19.32c S  -0.51c ( -1.5 L  -0.8) LCB  -22.25c P  6.00% WF  33.9 PSV      31 N      34  --  R4 D4 Q16 D16 P4 R17 R16
C16 : T -20.08c W -19.55c S  -0.53c ( -1.5 L  -0.8) LCB  -22.08c P  5.59% WF  29.9 PSV      28 N      30  --  C16 Q16 D4 Q4 E16 C3 C4
D17 : T -20.60c W -19.98c S  -0.62c ( -1.6 L  -0.9) LCB  -23.51c P  6.06% WF  28.7 PSV      27 N      29  --  D17 D4 Q16 Q4 D15 R17 Q17
R16 : T -20.32c W -19.98c S  -0.34c ( -1.6 L  -0.9) LCB  -22.95c P  5.78% WF  28.8 PSV      27 N      29  --  R16 D16 Q4 D4 P16 R3 R4

2021-04-27 14:09:26+1000: = Q17
2021-04-27 14:09:39+1000: Controller: loadsgf sgf_files/Sai_B_vs_Human_W_2021-04-27_14-9-23.sgf
2021-04-27 14:09:39+1000: Sgf has no rules, using default rules: koPOSITIONALscoreAREAtaxNONEsui1komi7.5
2021-04-27 14:09:39+1000: = 
2021-04-27 14:09:39+1000: Controller: genmove black
2021-04-27 14:09:42+1000: MoveNum: 0 HASH: 4D44398803E232C3142772FCF2BD9BBF
   A B C D E F G H J K L M N O P Q R S T
19 . . . . . . . . . . . . . . . . . . .
18 . . . . . . . . . . . . . . . . . . .
17 . . . . . . . . . . . . . . . . X . .
16 . . . @ . . . . . . . . . . . . . . .
15 . . . . . . . . . . . . . . . . . . .
14 . . . . . . . . . . . . . . . . . . .
13 . . . . . . . . . . . . . . . . . . .
12 . . . . . . . . . . . . . . . . . . .
11 . . . . . . . . . . . . . . . . . . .
10 . . . . . . . . . . . . . . . . . . .
 9 . . . . . . . . . . . . . . . . . . .
 8 . . . . . . . . . . . . . . . . . . .
 7 . . . . . . . . . . . . . . . . . . .
 6 . . . . . . . . . . . . . . . . . . .
 5 . . . . . . . . . . . . . . . . . . .
 4 . . . O . . . . . . . . . . . . . . .
 3 . . . . . . . . . . . . . . . . . . .
 2 . . . . . . . . . . . . . . . . . . .
 1 . . . . . . . . . . . . . . . . . . .

koPOSITIONALscoreAREAtaxNONEsui1komi7.5
Time taken: 2.421
Root visits: 509
New playouts: 509
NN rows: 496
NN batches: 101
NN avg batch size: 4.91089
PV: Q4 D17 C3 C4 D3 E4 F3 F4 G3 E3
Tree:
: T -22.88c W -22.83c S  -0.05c ( -1.9 L  -1.1) N     509  --  Q4 D17 C3 C4 D3 E4 F3
---Black(^)---
Q4  : T -22.16c W -22.35c S   0.18c ( -1.8 L  -1.0) LCB  -23.58c P 15.91% WF  94.8 PSV     135 N      94  --  Q4 D17 C3 C4 D3 E4 F3 F4
D16 : T -22.35c W -22.37c S   0.02c ( -1.8 L  -1.0) LCB  -23.69c P 21.85% WF 119.7 PSV     119 N     119  --  D16 Q4 C3 D3 C4 D5 C6 C17
Q3  : T -22.89c W -22.78c S  -0.12c ( -1.9 L  -1.1) LCB  -24.96c P 11.17% WF  53.9 PSV      54 N      54  --  Q3 D16 Q6 F17 C3 C4 D3
R4  : T -22.74c W -22.75c S   0.01c ( -1.9 L  -1.1) LCB  -24.85c P  9.89% WF  50.0 PSV      50 N      50  --  R4 D17 P4 C14 C3 C4 D3
C3  : T -23.06c W -23.00c S  -0.06c ( -1.9 L  -1.1) LCB  -26.23c P 10.00% WF  54.8 PSV      47 N      55  --  C3 D3 C4 D5 B6 R4 D16 P4
C16 : T -22.87c W -22.75c S  -0.13c ( -1.9 L  -1.1) LCB  -24.79c P  8.35% WF  48.9 PSV      41 N      49  --  C16 R4 E16 O3 C3 D3
D17 : T -23.08c W -22.82c S  -0.26c ( -1.9 L  -1.0) LCB  -25.04c P  6.35% WF  47.8 PSV      30 N      48  --  D17 R4 D15 O3 C3 D3 C4
D15 : T -24.65c W -24.61c S  -0.04c ( -2.1 L  -1.2) LCB  -33.11c P  2.00% WF   9.8 PSV       7 N      10  --  D15 D17 Q4 C15 C14
Q5  : T -25.67c W -25.26c S  -0.41c ( -2.2 L  -1.3) LCB  -39.87c P  1.99% WF   7.8 PSV       6 N       8  --  Q5 R3 P3 Q4
P4  : T -26.72c W -26.07c S  -0.65c ( -2.2 L  -1.3) LCB  -40.47c P  1.51% WF   4.9 PSV       4 N       5  --  P4 R4 D16 P3

2021-04-27 14:09:42+1000: = D16
2021-04-27 14:09:50+1000: Controller: loadsgf sgf_files/Sai_B_vs_Human_W_2021-04-27_14-9-23.sgf
2021-04-27 14:09:50+1000: Sgf has no rules, using default rules: koPOSITIONALscoreAREAtaxNONEsui1komi7.5
2021-04-27 14:09:50+1000: = 
2021-04-27 14:09:50+1000: Controller: genmove black
2021-04-27 14:09:53+1000: MoveNum: 0 HASH: CD446B0164FADCBE58A49DC24CD5243D
   A B C D E F G H J K L M N O P Q R S T
19 . . . . . . . . . . . . . . . . . . .
18 . . . . . . . . . . . . . . . . . . .
17 . . . . . . . . . . . . . . . . X . .
16 . . . X . . . . . . . . . . . . . . .
15 . . . . . . . . . . . . . . . . . . .
14 . . @ . . . . . . . . . . . . . . . .
13 . . . . . . . . . . . . . . . . . . .
12 . . . . . . . . . . . . . . . . . . .
11 . . . . . . . . . . . . . . . . . . .
10 . . . . . . . . . . . . . . . . . . .
 9 . . . . . . . . . . . . . . . . . . .
 8 . . . . . . . . . . . . . . . . . . .
 7 . . . . . . . . . . . . . . . . . . .
 6 . . . . . . . . . . . . . . . . . . .
 5 . . . . . . . . . . . . . . . . . . .
 4 . . . O . . . . . . . . . . . O . . .
 3 . . . . . . . . . . . . . . . . . . .
 2 . . . . . . . . . . . . . . . . . . .
 1 . . . . . . . . . . . . . . . . . . .

koPOSITIONALscoreAREAtaxNONEsui1komi7.5
Time taken: 2.156
Root visits: 509
New playouts: 509
NN rows: 438
NN batches: 89
NN avg batch size: 4.92135
PV: C14 R6 C6 F3 J17 C8
Tree:
: T -23.29c W -23.15c S  -0.14c ( -1.9 L  -1.1) N     509  --  C14 R6 C6 F3 J17 C8
---Black(^)---
C14 : T -21.74c W -21.69c S  -0.06c ( -1.7 L  -1.0) LCB  -23.23c P  9.59% WF  80.5 PSV     508 N      79  --  C14 R6 C6 F3 J17 C8
C3  : T -22.91c W -22.84c S  -0.07c ( -1.8 L  -1.0) LCB  -24.59c P 37.29% WF 204.9 PSV     204 N     204  --  C3 D3 C4 C6 B6 B7 C5 D6
R3  : T -23.48c W -23.32c S  -0.16c ( -1.9 L  -1.1) LCB  -25.40c P 34.25% WF 168.2 PSV     168 N     169  --  R3 Q3 R4 Q5 R6 C17 D17 C16
R6  : T -25.60c W -25.34c S  -0.26c ( -2.1 L  -1.2) LCB  -29.74c P  4.98% WF  22.4 PSV      17 N      23  --  R6 C17 D17 C16 D15 C14 O3
C6  : T -27.66c W -26.89c S  -0.76c ( -2.3 L  -1.3) LCB  -33.30c P  4.44% WF  14.4 PSV      12 N      15  --  C6 C17 C16 D17 E16 F18 F3 F4
F17 : T -24.58c W -24.38c S  -0.19c ( -2.0 L  -1.1) LCB  -34.61c P  1.48% WF   7.9 PSV       6 N       8  --  F17 C6 R3 Q3
F3  : T -27.02c W -26.66c S  -0.35c ( -2.3 L  -1.3) LCB -111.24c P  1.05% WF   3.9 PSV       3 N       4  --  F3 C17 C16 D17
O3  : T -27.64c W -27.33c S  -0.31c ( -2.3 L  -1.4) LCB -135.16c P  1.05% WF   3.9 PSV       2 N       4  --  O3 C17 D17 C16
Q14 : T -28.11c W -27.38c S  -0.73c ( -2.4 L  -1.4) LCB -280.00c P  0.49% WF   1.9 PSV       1 N       2  --  Q14 C17

2021-04-27 14:09:53+1000: = C14
2021-04-27 14:10:07+1000: Controller: loadsgf sgf_files/Sai_B_vs_Human_W_2021-04-27_14-9-23.sgf
2021-04-27 14:10:07+1000: Sgf has no rules, using default rules: koPOSITIONALscoreAREAtaxNONEsui1komi7.5
2021-04-27 14:10:07+1000: = 
2021-04-27 14:10:07+1000: Controller: genmove black
2021-04-27 14:10:09+1000: MoveNum: 0 HASH: 312F15D3A5201407DEBCB7EB14CB4384
   A B C D E F G H J K L M N O P Q R S T
19 . . . . . . . . . . . . . . . . . . .
18 . . . . . . . . . . . . . . . . . . .
17 . . . . . . . . . . . . . . . @ X . .
16 . . . X . . . . . . . . . . . O . . .
15 . . . . . . . . . . . . . . . . . . .
14 . . X . . . . . . . . . . . . . . . .
13 . . . . . . . . . . . . . . . . . . .
12 . . . . . . . . . . . . . . . . . . .
11 . . . . . . . . . . . . . . . . . . .
10 . . . . . . . . . . . . . . . . . . .
 9 . . . . . . . . . . . . . . . . . . .
 8 . . . . . . . . . . . . . . . . . . .
 7 . . . . . . . . . . . . . . . . . . .
 6 . . . . . . . . . . . . . . . . . . .
 5 . . . . . . . . . . . . . . . . . . .
 4 . . . O . . . . . . . . . . . O . . .
 3 . . . . . . . . . . . . . . . . . . .
 2 . . . . . . . . . . . . . . . . . . .
 1 . . . . . . . . . . . . . . . . . . .

koPOSITIONALscoreAREAtaxNONEsui1komi7.5
Time taken: 2.438
Root visits: 509
New playouts: 509
NN rows: 499
NN batches: 101
NN avg batch size: 4.94059
PV: Q17 O16 Q15 E18 F17 F18 R3 R4
Tree:
: T -21.72c W -21.38c S  -0.34c ( -1.7 L  -0.9) N     509  --  Q17 O16 Q15 E18 F17 F18 R3
---Black(^)---
Q17 : T -21.10c W -20.78c S  -0.33c ( -1.6 L  -0.9) LCB  -22.44c P 61.79% WF 311.9 PSV     310 N     310  --  Q17 O16 Q15 E18 F17 F18 R3 R4
R16 : T -21.58c W -21.28c S  -0.30c ( -1.7 L  -0.9) LCB  -23.15c P 37.48% WF 182.5 PSV     173 N     183  --  R16 Q14 P16 O3 C3 D3 C4
R3  : T -35.62c W -34.47c S  -1.15c ( -3.0 L  -1.8) LCB -157.51c P  0.02% WF   3.6 PSV       0 N       4  --  R3 R4 Q3
C4  : T -35.37c W -34.83c S  -0.55c ( -3.0 L  -1.8) LCB -343.36c P  0.02% WF   2.7 PSV       0 N       3  --  C4 C3 C5
C6  : T -41.66c W -39.61c S  -2.05c ( -3.7 L  -2.2) LCB -280.00c P  0.02% WF   1.8 PSV       0 N       2  --  C6 R16
C3  : T -37.85c W -36.25c S  -1.60c ( -3.2 L  -1.9) LCB -280.00c P  0.02% WF   1.8 PSV       0 N       2  --  C3 R16
D3  : T -38.32c W -36.98c S  -1.35c ( -2.9 L  -1.9) LCB -280.00c P  0.02% WF   0.9 PSV       0 N       1  --  D3
O3  : T -37.41c W -35.91c S  -1.50c ( -3.1 L  -1.8) LCB -280.00c P  0.02% WF   0.9 PSV       0 N       1  --  O3
O17 : T -39.91c W -38.18c S  -1.73c ( -3.4 L  -2.1) LCB -280.00c P  0.02% WF   0.9 PSV       0 N       1  --  O17
Q3  : T -38.97c W -37.47c S  -1.51c ( -3.1 L  -1.9) LCB -280.00c P  0.02% WF   0.9 PSV       0 N       1  --  Q3

2021-04-27 14:10:09+1000: = Q17
2021-04-27 14:12:41+1000: Controller: loadsgf sgf_files/Sai_B_vs_Human_W_2021-04-27_14-9-23.sgf
2021-04-27 14:12:41+1000: Sgf has no rules, using default rules: koPOSITIONALscoreAREAtaxNONEsui1komi7.5
2021-04-27 14:12:41+1000: = 
2021-04-27 14:12:41+1000: Controller: genmove black
2021-04-27 14:12:41+1000: MoveNum: 0 HASH: 312F15D3A5201407DEBCB7EB14CB4384
   A B C D E F G H J K L M N O P Q R S T
19 . . . . . . . . . . . . . . . . . . .
18 . . . . . . . . . . . . . . . . . . .
17 . . . . . . . . . . . . . . . @ X . .
16 . . . X . . . . . . . . . . . O . . .
15 . . . . . . . . . . . . . . . . . . .
14 . . X . . . . . . . . . . . . . . . .
13 . . . . . . . . . . . . . . . . . . .
12 . . . . . . . . . . . . . . . . . . .
11 . . . . . . . . . . . . . . . . . . .
10 . . . . . . . . . . . . . . . . . . .
 9 . . . . . . . . . . . . . . . . . . .
 8 . . . . . . . . . . . . . . . . . . .
 7 . . . . . . . . . . . . . . . . . . .
 6 . . . . . . . . . . . . . . . . . . .
 5 . . . . . . . . . . . . . . . . . . .
 4 . . . O . . . . . . . . . . . O . . .
 3 . . . . . . . . . . . . . . . . . . .
 2 . . . . . . . . . . . . . . . . . . .
 1 . . . . . . . . . . . . . . . . . . .

koPOSITIONALscoreAREAtaxNONEsui1komi7.5
Time taken: 0.125
Root visits: 509
New playouts: 509
NN rows: 23
NN batches: 6
NN avg batch size: 3.83333
PV: Q17 O16 Q15 E18 F17 F18 R3 R4
Tree:
: T -21.42c W -21.07c S  -0.35c ( -1.7 L  -0.9) N     509  --  Q17 O16 Q15 E18 F17 F18 R3
---Black(^)---
Q17 : T -21.28c W -20.91c S  -0.37c ( -1.6 L  -0.9) LCB  -22.60c P 61.79% WF 316.7 PSV     316 N     316  --  Q17 O16 Q15 E18 F17 F18 R3 R4
R16 : T -21.62c W -21.31c S  -0.31c ( -1.7 L  -0.9) LCB  -23.21c P 37.48% WF 191.3 PSV     180 N     192  --  R16 Q14 P16 O3 C3 D3 C4

2021-04-27 14:12:41+1000: = Q17
2021-04-27 14:12:59+1000: Controller: loadsgf sgf_files/Sai_B_vs_Human_W_2021-04-27_14-9-23.sgf
2021-04-27 14:12:59+1000: Sgf has no rules, using default rules: koPOSITIONALscoreAREAtaxNONEsui1komi7.5
2021-04-27 14:12:59+1000: = 
2021-04-27 14:12:59+1000: Controller: genmove black
2021-04-27 14:13:02+1000: MoveNum: 0 HASH: E64568051C85C844CBC172D9C07B2714
   A B C D E F G H J K L M N O P Q R S T
19 . . . . . . . . . . . . . . . . . . .
18 . . . . . . . . . . . . . . . . . . .
17 . . . . . . . . . . . . . . . X X . .
16 . . . X . . . . . . . . . . @ O O . .
15 . . . . . . . . . . . . . . . . . . .
14 . . X . . . . . . . . . . . . . . . .
13 . . . . . . . . . . . . . . . . . . .
12 . . . . . . . . . . . . . . . . . . .
11 . . . . . . . . . . . . . . . . . . .
10 . . . . . . . . . . . . . . . . . . .
 9 . . . . . . . . . . . . . . . . . . .
 8 . . . . . . . . . . . . . . . . . . .
 7 . . . . . . . . . . . . . . . . . . .
 6 . . . . . . . . . . . . . . . . . . .
 5 . . . . . . . . . . . . . . . . . . .
 4 . . . O . . . . . . . . . . . O . . .
 3 . . . . . . . . . . . . . . . . . . .
 2 . . . . . . . . . . . . . . . . . . .
 1 . . . . . . . . . . . . . . . . . . .

koPOSITIONALscoreAREAtaxNONEsui1komi7.5
Time taken: 2.172
Root visits: 509
New playouts: 509
NN rows: 441
NN batches: 91
NN avg batch size: 4.84615
PV: P16 S17 S18 P15 O16 O15 N16 S15 T17 F17 R12 D17
Tree:
: T  -0.52c W  -0.79c S   0.27c ( +0.5 L  +0.3) N     509  --  P16 S17 S18 P15 O16 O15 N16
---Black(^)---
P16 : T   0.77c W   0.39c S   0.38c ( +0.6 L  +0.3) LCB   -0.85c P 99.63% WF 488.9 PSV     484 N     484  --  P16 S17 S18 P15 O16 O15 N16 S15
O16 : T -18.96c W -17.78c S  -1.18c ( -1.3 L  -0.7) LCB  -39.90c P  0.02% WF   4.3 PSV       0 N       5  --  O16 S17 P16 S15
P17 : T -24.02c W -22.54c S  -1.48c ( -1.8 L  -1.0) LCB  -88.07c P  0.02% WF   3.3 PSV       0 N       4  --  P17 O15 P16
O17 : T -34.87c W -32.09c S  -2.79c ( -2.8 L  -1.6) LCB  -99.61c P  0.02% WF   2.3 PSV       0 N       3  --  O17 P16 N18
C4  : T -42.51c W -39.01c S  -3.49c ( -3.6 L  -2.1) LCB -280.00c P  0.01% WF   1.5 PSV       0 N       2  --  C4 P16
R4  : T -43.08c W -39.56c S  -3.52c ( -3.6 L  -2.2) LCB -280.00c P  0.01% WF   1.5 PSV       0 N       2  --  R4 P16
N17 : T -46.50c W -42.81c S  -3.69c ( -3.8 L  -2.5) LCB -280.00c P  0.01% WF   0.8 PSV       0 N       1  --  N17
D3  : T -41.79c W -38.52c S  -3.27c ( -3.3 L  -2.0) LCB -280.00c P  0.01% WF   0.8 PSV       0 N       1  --  D3
E4  : T -42.29c W -39.09c S  -3.20c ( -3.2 L  -2.1) LCB -280.00c P  0.01% WF   0.8 PSV       0 N       1  --  E4
D5  : T -43.13c W -39.90c S  -3.23c ( -3.3 L  -2.3) LCB -280.00c P  0.00% WF   0.8 PSV       0 N       1  --  D5

2021-04-27 14:13:02+1000: = P16
2021-04-27 14:20:57+1000: All cleaned up, quitting
