2021-04-27 14:01:07+1000: GTP Engine starting...
2021-04-27 14:01:07+1000: KataGo v1.8.2
2021-04-27 14:01:07+1000: Using TrompTaylor rules initially, unless GTP/GUI overrides this
2021-04-27 14:01:07+1000: Using 10 CPU thread(s) for search
2021-04-27 14:01:07+1000: nnRandSeed0 = 3775360731409907771
2021-04-27 14:01:07+1000: After dedups: nnModelFile0 = ..\Engines\katago-v1.8.2-opencl-windows-x64\g170-b40c256x2-s5095420928-d1229425124.bin.gz useFP16 auto useNHWC auto
2021-04-27 14:01:08+1000: Found OpenCL Platform 0: NVIDIA CUDA (NVIDIA Corporation) (OpenCL 1.2 CUDA 11.1.96)
2021-04-27 14:01:08+1000: Found 1 device(s) on platform 0 with type CPU or GPU or Accelerator
2021-04-27 14:01:08+1000: Found OpenCL Device 0: GeForce GTX 1070 Ti (NVIDIA Corporation) (score 11000102)
2021-04-27 14:01:08+1000: Creating context for OpenCL Platform: NVIDIA CUDA (NVIDIA Corporation) (OpenCL 1.2 CUDA 11.1.96)
2021-04-27 14:01:09+1000: Using OpenCL Device 0: GeForce GTX 1070 Ti (NVIDIA Corporation) OpenCL 1.2 CUDA (Extensions: cl_khr_global_int32_base_atomics cl_khr_global_int32_extended_atomics cl_khr_local_int32_base_atomics cl_khr_local_int32_extended_atomics cl_khr_fp64 cl_khr_byte_addressable_store cl_khr_icd cl_khr_gl_sharing cl_nv_compiler_options cl_nv_device_attribute_query cl_nv_pragma_unroll cl_nv_d3d10_sharing cl_khr_d3d10_sharing cl_nv_d3d11_sharing cl_nv_copy_opts cl_nv_create_buffer cl_khr_int64_base_atomics cl_khr_int64_extended_atomics cl_khr_device_uuid)
2021-04-27 14:01:09+1000: Loaded tuning parameters from: C:\Users\danie\Documents\Go Games\Go Teacher Sai\Engines\katago-v1.8.2-opencl-windows-x64/KataGoData/opencltuning/tune8_gpuGeForceGTX1070Ti_x19_y19_c256_mv8.txt
2021-04-27 14:01:09+1000: OpenCL backend thread 0: Model version 8
2021-04-27 14:01:09+1000: OpenCL backend thread 0: Model name: g170-b40c256x2-s5095420928-d1229425124
2021-04-27 14:01:14+1000: OpenCL backend thread 0: FP16Storage false FP16Compute false FP16TensorCores false
2021-04-27 14:01:14+1000: Loaded neural net with nnXLen 19 nnYLen 19
2021-04-27 14:01:14+1000: Loaded config C:\Users\danie\Documents\Go Games\Go Teacher Sai\Engines\katago-v1.8.2-opencl-windows-x64/default_gtp.cfg
2021-04-27 14:01:14+1000: Loaded model ..\Engines\katago-v1.8.2-opencl-windows-x64\g170-b40c256x2-s5095420928-d1229425124.bin.gz
2021-04-27 14:01:14+1000: Model name: g170-b40c256x2-s5095420928-d1229425124
2021-04-27 14:01:14+1000: GTP ready, beginning main protocol loop
2021-04-27 14:01:26+1000: Controller: loadsgf sgf_files/Sai_W_vs_Human_B_2021-04-27_14-1-21.sgf
2021-04-27 14:01:26+1000: Sgf has no rules, using default rules: koPOSITIONALscoreAREAtaxNONEsui1komi7.5
2021-04-27 14:01:26+1000: = 
2021-04-27 14:01:26+1000: Controller: genmove white
2021-04-27 14:01:28+1000: MoveNum: 0 HASH: 20D027FF3D8F63642B79C3F658C233F1
   A B C D E F G H J K L M N O P Q R S T
19 . . . . . . . . . . . . . . . . . . .
18 . . . . . . . . . . . . . . . . . . .
17 . . . . . . . . . . . . . . . . . . .
16 . . . . . . . . . . . . . . . @ . . .
15 . . . . . . . . . . . . . . . . . . .
14 . . . . . . . . . . . . . . . . . . .
13 . . . . . . . . . . . . . . . . . . .
12 . . . . . . . . . . . . . . . . . . .
11 . . . . . . . . . . . . . . . . . . .
10 . . . . . . . . . . . . . . . . . . .
 9 . . . . . . . . . . . . . . . . . . .
 8 . . . . . . . . . . . . . . . . . . .
 7 . . . . . . . . . . . . . . . . . . .
 6 . . . . . . . . . . . . . . . . . . .
 5 . . . . . . . . . . . . . . . . . . .
 4 . . . X . . . . . . . . . . . . . . .
 3 . . . . . . . . . . . . . . . . . . .
 2 . . . . . . . . . . . . . . . . . . .
 1 . . . . . . . . . . . . . . . . . . .

koPOSITIONALscoreAREAtaxNONEsui1komi7.5
Time taken: 2.125
Root visits: 509
New playouts: 509
NN rows: 386
NN batches: 79
NN avg batch size: 4.88608
PV: Q16 Q4 D16 R17 Q17 R16 Q15 R14 C3
Tree:
: T  18.75c W  18.32c S   0.43c ( +1.4 L  +0.8) N     509  --  Q16 Q4 D16 R17 Q17 R16 Q15
---White(^)---
Q16 : T  19.29c W  18.80c S   0.49c ( +1.4 L  +0.8) LCB   18.29c P 30.34% WF 149.9 PSV     174 N     149  --  Q16 Q4 D16 R17 Q17 R16 Q15 R14
D16 : T  19.15c W  18.73c S   0.42c ( +1.4 L  +0.8) LCB   18.08c P 27.40% WF 133.5 PSV     131 N     133  --  D16 Q4 Q16 R17 Q17 R16 Q15 R14
Q4  : T  19.10c W  18.70c S   0.40c ( +1.4 L  +0.8) LCB   18.04c P 24.80% WF 141.4 PSV     118 N     141  --  Q4 D16 Q16 R17 R16 Q17 P16 O17
R16 : T  16.93c W  16.59c S   0.34c ( +1.2 L  +0.6) LCB   13.50c P  2.61% WF  16.7 PSV       8 N      17  --  R16 D16 Q4 P17 Q15
Q17 : T  16.77c W  16.46c S   0.31c ( +1.1 L  +0.6) LCB   13.06c P  2.61% WF  16.6 PSV       8 N      17  --  Q17 Q4 D16 R15 O16 C17
D17 : T  16.28c W  16.10c S   0.18c ( +1.1 L  +0.6) LCB   13.31c P  2.42% WF  12.7 PSV       7 N      13  --  D17 Q16 Q4 C15 E16
R4  : T  16.60c W  15.95c S   0.66c ( +1.1 L  +0.6) LCB   12.85c P  2.37% WF  12.7 PSV       7 N      13  --  R4 Q16 D16 P3
Q3  : T  16.58c W  16.19c S   0.39c ( +1.1 L  +0.6) LCB   12.66c P  1.95% WF  10.8 PSV       6 N      11  --  Q3 Q16 D16 R5 O4
C16 : T  16.28c W  15.97c S   0.31c ( +1.1 L  +0.6) LCB    9.71c P  1.69% WF   9.8 PSV       5 N      10  --  C16 Q16 Q4 E17 D14 R3
C17 : T  14.83c W  14.63c S   0.21c ( +1.0 L  +0.5) LCB  -85.76c P  0.37% WF   3.9 PSV       1 N       4  --  C17 Q16 R4

2021-04-27 14:01:28+1000: = Q16
2021-04-27 14:04:34+1000: All cleaned up, quitting
