2021-04-27 13:27:53+1000: GTP Engine starting...
2021-04-27 13:27:53+1000: KataGo v1.8.2
2021-04-27 13:27:53+1000: Using TrompTaylor rules initially, unless GTP/GUI overrides this
2021-04-27 13:27:53+1000: Using 10 CPU thread(s) for search
2021-04-27 13:27:53+1000: nnRandSeed0 = 17399799872015880514
2021-04-27 13:27:53+1000: After dedups: nnModelFile0 = ..\Engines\katago-v1.8.2-opencl-windows-x64\g170-b40c256x2-s5095420928-d1229425124.bin.gz useFP16 auto useNHWC auto
2021-04-27 13:27:54+1000: Found OpenCL Platform 0: NVIDIA CUDA (NVIDIA Corporation) (OpenCL 1.2 CUDA 11.1.96)
2021-04-27 13:27:54+1000: Found 1 device(s) on platform 0 with type CPU or GPU or Accelerator
2021-04-27 13:27:54+1000: Found OpenCL Device 0: GeForce GTX 1070 Ti (NVIDIA Corporation) (score 11000102)
2021-04-27 13:27:54+1000: Creating context for OpenCL Platform: NVIDIA CUDA (NVIDIA Corporation) (OpenCL 1.2 CUDA 11.1.96)
2021-04-27 13:27:54+1000: Using OpenCL Device 0: GeForce GTX 1070 Ti (NVIDIA Corporation) OpenCL 1.2 CUDA (Extensions: cl_khr_global_int32_base_atomics cl_khr_global_int32_extended_atomics cl_khr_local_int32_base_atomics cl_khr_local_int32_extended_atomics cl_khr_fp64 cl_khr_byte_addressable_store cl_khr_icd cl_khr_gl_sharing cl_nv_compiler_options cl_nv_device_attribute_query cl_nv_pragma_unroll cl_nv_d3d10_sharing cl_khr_d3d10_sharing cl_nv_d3d11_sharing cl_nv_copy_opts cl_nv_create_buffer cl_khr_int64_base_atomics cl_khr_int64_extended_atomics cl_khr_device_uuid)
2021-04-27 13:27:54+1000: Loaded tuning parameters from: C:\Users\danie\Documents\Go Games\Go Teacher Sai\Engines\katago-v1.8.2-opencl-windows-x64/KataGoData/opencltuning/tune8_gpuGeForceGTX1070Ti_x19_y19_c256_mv8.txt
2021-04-27 13:27:54+1000: OpenCL backend thread 0: Model version 8
2021-04-27 13:27:54+1000: OpenCL backend thread 0: Model name: g170-b40c256x2-s5095420928-d1229425124
2021-04-27 13:28:00+1000: OpenCL backend thread 0: FP16Storage false FP16Compute false FP16TensorCores false
2021-04-27 13:28:00+1000: Loaded neural net with nnXLen 19 nnYLen 19
2021-04-27 13:28:00+1000: Loaded config C:\Users\danie\Documents\Go Games\Go Teacher Sai\Engines\katago-v1.8.2-opencl-windows-x64/default_gtp.cfg
2021-04-27 13:28:00+1000: Loaded model ..\Engines\katago-v1.8.2-opencl-windows-x64\g170-b40c256x2-s5095420928-d1229425124.bin.gz
2021-04-27 13:28:00+1000: Model name: g170-b40c256x2-s5095420928-d1229425124
2021-04-27 13:28:00+1000: GTP ready, beginning main protocol loop
2021-04-27 13:28:08+1000: Controller: loadsgf sgf_files/Sai_W_vs_Human_B_2021-04-27_13-28-4.sgf
2021-04-27 13:28:08+1000: Sgf has no rules, using default rules: koPOSITIONALscoreAREAtaxNONEsui1komi7.5
2021-04-27 13:28:08+1000: = 
2021-04-27 13:28:08+1000: Controller: genmove white
2021-04-27 13:28:10+1000: MoveNum: 0 HASH: 20D027FF3D8F63642B79C3F658C233F1
   A B C D E F G H J K L M N O P Q R S T
19 . . . . . . . . . . . . . . . . . . .
18 . . . . . . . . . . . . . . . . . . .
17 . . . . . . . . . . . . . . . . . . .
16 . . . @ . . . . . . . . . . . . . . .
15 . . . . . . . . . . . . . . . . . . .
14 . . . . . . . . . . . . . . . . . . .
13 . . . . . . . . . . . . . . . . . . .
12 . . . . . . . . . . . . . . . . . . .
11 . . . . . . . . . . . . . . . . . . .
10 . . . . . . . . . . . . . . . . . . .
 9 . . . . . . . . . . . . . . . . . . .
 8 . . . . . . . . . . . . . . . . . . .
 7 . . . . . . . . . . . . . . . . . . .
 6 . . . . . . . . . . . . . . . . . . .
 5 . . . . . . . . . . . . . . . . . . .
 4 . . . X . . . . . . . . . . . . . . .
 3 . . . . . . . . . . . . . . . . . . .
 2 . . . . . . . . . . . . . . . . . . .
 1 . . . . . . . . . . . . . . . . . . .

koPOSITIONALscoreAREAtaxNONEsui1komi7.5
Time taken: 2.125
Root visits: 509
New playouts: 509
NN rows: 390
NN batches: 79
NN avg batch size: 4.93671
PV: Q4 Q16 D16 R3 R4 Q3 O3 P3 P4 O2 R17
Tree:
: T  18.63c W  18.29c S   0.34c ( +1.4 L  +0.7) N     509  --  Q4 Q16 D16 R3 R4 Q3 O3
---White(^)---
Q4  : T  19.15c W  18.76c S   0.39c ( +1.4 L  +0.8) LCB   18.03c P 27.40% WF 133.8 PSV     172 N     133  --  Q4 Q16 D16 R3 R4 Q3 O3 P3
Q16 : T  19.01c W  18.68c S   0.33c ( +1.4 L  +0.8) LCB   17.92c P 30.34% WF 148.6 PSV     148 N     148  --  Q16 Q4 D16 C17 C16 D17 E16 F18
D16 : T  18.91c W  18.59c S   0.32c ( +1.4 L  +0.8) LCB   17.89c P 24.80% WF 142.3 PSV     119 N     142  --  D16 Q16 Q4 R3 R4 Q3 O3 P3
R16 : T  17.14c W  16.62c S   0.52c ( +1.2 L  +0.6) LCB   13.40c P  2.61% WF  16.7 PSV       9 N      17  --  R16 D16 Q4 P17 Q14
Q17 : T  16.39c W  16.25c S   0.14c ( +1.1 L  +0.6) LCB   13.42c P  2.61% WF  14.7 PSV       8 N      15  --  Q17 Q4 D16 R15 O16
C16 : T  17.26c W  16.96c S   0.30c ( +1.2 L  +0.6) LCB   11.57c P  1.95% WF  13.8 PSV       7 N      14  --  C16 Q16 Q4 E17 D14 R3
D17 : T  16.35c W  16.00c S   0.35c ( +1.1 L  +0.6) LCB   13.07c P  2.37% WF  12.7 PSV       7 N      13  --  D17 Q16 Q4 C15 F16
R4  : T  16.02c W  15.94c S   0.08c ( +1.1 L  +0.6) LCB   10.43c P  2.42% WF  11.7 PSV       7 N      12  --  R4 Q16 D16 P3 Q6
Q3  : T  16.95c W  16.57c S   0.38c ( +1.1 L  +0.6) LCB   12.99c P  1.69% WF   9.8 PSV       6 N      10  --  Q3 Q16 D16 R5 O4
R3  : T  14.91c W  14.70c S   0.21c ( +1.0 L  +0.5) LCB  -71.64c P  0.37% WF   3.9 PSV       1 N       4  --  R3 Q16 D17

2021-04-27 13:28:10+1000: = D16
2021-04-27 13:44:34+1000: All cleaned up, quitting
