2021-04-27 13:01:05+1000: GTP Engine starting...
2021-04-27 13:01:05+1000: KataGo v1.8.2
2021-04-27 13:01:05+1000: Using TrompTaylor rules initially, unless GTP/GUI overrides this
2021-04-27 13:01:05+1000: Using 10 CPU thread(s) for search
2021-04-27 13:01:05+1000: nnRandSeed0 = 14947190814315913326
2021-04-27 13:01:05+1000: After dedups: nnModelFile0 = ..\Engines\katago-v1.8.2-opencl-windows-x64\g170-b40c256x2-s5095420928-d1229425124.bin.gz useFP16 auto useNHWC auto
2021-04-27 13:01:06+1000: Found OpenCL Platform 0: NVIDIA CUDA (NVIDIA Corporation) (OpenCL 1.2 CUDA 11.1.96)
2021-04-27 13:01:06+1000: Found 1 device(s) on platform 0 with type CPU or GPU or Accelerator
2021-04-27 13:01:06+1000: Found OpenCL Device 0: GeForce GTX 1070 Ti (NVIDIA Corporation) (score 11000102)
2021-04-27 13:01:06+1000: Creating context for OpenCL Platform: NVIDIA CUDA (NVIDIA Corporation) (OpenCL 1.2 CUDA 11.1.96)
2021-04-27 13:01:06+1000: Using OpenCL Device 0: GeForce GTX 1070 Ti (NVIDIA Corporation) OpenCL 1.2 CUDA (Extensions: cl_khr_global_int32_base_atomics cl_khr_global_int32_extended_atomics cl_khr_local_int32_base_atomics cl_khr_local_int32_extended_atomics cl_khr_fp64 cl_khr_byte_addressable_store cl_khr_icd cl_khr_gl_sharing cl_nv_compiler_options cl_nv_device_attribute_query cl_nv_pragma_unroll cl_nv_d3d10_sharing cl_khr_d3d10_sharing cl_nv_d3d11_sharing cl_nv_copy_opts cl_nv_create_buffer cl_khr_int64_base_atomics cl_khr_int64_extended_atomics cl_khr_device_uuid)
2021-04-27 13:01:06+1000: Loaded tuning parameters from: C:\Users\danie\Documents\Go Games\Go Teacher Sai\Engines\katago-v1.8.2-opencl-windows-x64/KataGoData/opencltuning/tune8_gpuGeForceGTX1070Ti_x19_y19_c256_mv8.txt
2021-04-27 13:01:06+1000: OpenCL backend thread 0: Model version 8
2021-04-27 13:01:06+1000: OpenCL backend thread 0: Model name: g170-b40c256x2-s5095420928-d1229425124
2021-04-27 13:01:11+1000: OpenCL backend thread 0: FP16Storage false FP16Compute false FP16TensorCores false
2021-04-27 13:01:11+1000: Loaded neural net with nnXLen 19 nnYLen 19
2021-04-27 13:01:11+1000: Loaded config C:\Users\danie\Documents\Go Games\Go Teacher Sai\Engines\katago-v1.8.2-opencl-windows-x64/default_gtp.cfg
2021-04-27 13:01:11+1000: Loaded model ..\Engines\katago-v1.8.2-opencl-windows-x64\g170-b40c256x2-s5095420928-d1229425124.bin.gz
2021-04-27 13:01:11+1000: Model name: g170-b40c256x2-s5095420928-d1229425124
2021-04-27 13:01:11+1000: GTP ready, beginning main protocol loop
2021-04-27 13:01:24+1000: Controller: loadsgf sgf_files/Sai_W_vs_Human_B_2021-04-27_13-1-17.sgf
2021-04-27 13:01:24+1000: Sgf has no rules, using default rules: koPOSITIONALscoreAREAtaxNONEsui1komi7.5
2021-04-27 13:01:24+1000: = 
