2021-04-27 13:53:13+1000: GTP Engine starting...
2021-04-27 13:53:13+1000: KataGo v1.8.2
2021-04-27 13:53:13+1000: Using TrompTaylor rules initially, unless GTP/GUI overrides this
2021-04-27 13:53:13+1000: Using 10 CPU thread(s) for search
2021-04-27 13:53:13+1000: nnRandSeed0 = 1517170804886040954
2021-04-27 13:53:13+1000: After dedups: nnModelFile0 = ..\Engines\katago-v1.8.2-opencl-windows-x64\g170-b40c256x2-s5095420928-d1229425124.bin.gz useFP16 auto useNHWC auto
2021-04-27 13:53:15+1000: Found OpenCL Platform 0: NVIDIA CUDA (NVIDIA Corporation) (OpenCL 1.2 CUDA 11.1.96)
2021-04-27 13:53:15+1000: Found 1 device(s) on platform 0 with type CPU or GPU or Accelerator
2021-04-27 13:53:15+1000: Found OpenCL Device 0: GeForce GTX 1070 Ti (NVIDIA Corporation) (score 11000102)
2021-04-27 13:53:15+1000: Creating context for OpenCL Platform: NVIDIA CUDA (NVIDIA Corporation) (OpenCL 1.2 CUDA 11.1.96)
2021-04-27 13:53:15+1000: Using OpenCL Device 0: GeForce GTX 1070 Ti (NVIDIA Corporation) OpenCL 1.2 CUDA (Extensions: cl_khr_global_int32_base_atomics cl_khr_global_int32_extended_atomics cl_khr_local_int32_base_atomics cl_khr_local_int32_extended_atomics cl_khr_fp64 cl_khr_byte_addressable_store cl_khr_icd cl_khr_gl_sharing cl_nv_compiler_options cl_nv_device_attribute_query cl_nv_pragma_unroll cl_nv_d3d10_sharing cl_khr_d3d10_sharing cl_nv_d3d11_sharing cl_nv_copy_opts cl_nv_create_buffer cl_khr_int64_base_atomics cl_khr_int64_extended_atomics cl_khr_device_uuid)
2021-04-27 13:53:15+1000: Loaded tuning parameters from: C:\Users\danie\Documents\Go Games\Go Teacher Sai\Engines\katago-v1.8.2-opencl-windows-x64/KataGoData/opencltuning/tune8_gpuGeForceGTX1070Ti_x19_y19_c256_mv8.txt
2021-04-27 13:53:15+1000: OpenCL backend thread 0: Model version 8
2021-04-27 13:53:15+1000: OpenCL backend thread 0: Model name: g170-b40c256x2-s5095420928-d1229425124
2021-04-27 13:53:20+1000: OpenCL backend thread 0: FP16Storage false FP16Compute false FP16TensorCores false
2021-04-27 13:53:20+1000: Loaded neural net with nnXLen 19 nnYLen 19
2021-04-27 13:53:20+1000: Loaded config C:\Users\danie\Documents\Go Games\Go Teacher Sai\Engines\katago-v1.8.2-opencl-windows-x64/default_gtp.cfg
2021-04-27 13:53:20+1000: Loaded model ..\Engines\katago-v1.8.2-opencl-windows-x64\g170-b40c256x2-s5095420928-d1229425124.bin.gz
2021-04-27 13:53:20+1000: Model name: g170-b40c256x2-s5095420928-d1229425124
2021-04-27 13:53:20+1000: GTP ready, beginning main protocol loop
2021-04-27 13:53:34+1000: Controller: loadsgf sgf_files/Sai_W_vs_Human_B_2021-04-27_13-53-29.sgf
2021-04-27 13:53:34+1000: Sgf has no rules, using default rules: koPOSITIONALscoreAREAtaxNONEsui1komi7.5
2021-04-27 13:53:34+1000: = 
2021-04-27 13:53:34+1000: Controller: genmove white
2021-04-27 13:53:36+1000: MoveNum: 0 HASH: 20D027FF3D8F63642B79C3F658C233F1
   A B C D E F G H J K L M N O P Q R S T
19 . . . . . . . . . . . . . . . . . . .
18 . . . . . . . . . . . . . . . . . . .
17 . . . . . . . . . . . . . . . . . . .
16 . . . . . . . . . . . . . . . @ . . .
15 . . . . . . . . . . . . . . . . . . .
14 . . . . . . . . . . . . . . . . . . .
13 . . . . . . . . . . . . . . . . . . .
12 . . . . . . . . . . . . . . . . . . .
11 . . . . . . . . . . . . . . . . . . .
10 . . . . . . . . . . . . . . . . . . .
 9 . . . . . . . . . . . . . . . . . . .
 8 . . . . . . . . . . . . . . . . . . .
 7 . . . . . . . . . . . . . . . . . . .
 6 . . . . . . . . . . . . . . . . . . .
 5 . . . . . . . . . . . . . . . . . . .
 4 . . . X . . . . . . . . . . . . . . .
 3 . . . . . . . . . . . . . . . . . . .
 2 . . . . . . . . . . . . . . . . . . .
 1 . . . . . . . . . . . . . . . . . . .

koPOSITIONALscoreAREAtaxNONEsui1komi7.5
Time taken: 2.11
Root visits: 509
New playouts: 509
NN rows: 386
NN batches: 79
NN avg batch size: 4.88608
PV: D16 Q16 Q4 C17 D17 C16 C14 C15 D15 B14 R17 R16
Tree:
: T  18.65c W  18.34c S   0.31c ( +1.4 L  +0.7) N     509  --  D16 Q16 Q4 C17 D17 C16 C14
---White(^)---
D16 : T  19.08c W  18.78c S   0.30c ( +1.4 L  +0.8) LCB   18.06c P 28.11% WF 141.6 PSV     174 N     141  --  D16 Q16 Q4 C17 D17 C16 C14 C15
Q16 : T  19.05c W  18.69c S   0.36c ( +1.4 L  +0.8) LCB   17.97c P 31.90% WF 153.6 PSV     153 N     153  --  Q16 Q4 D16 R17 Q17 R16 Q15 R14
Q4  : T  19.04c W  18.70c S   0.34c ( +1.4 L  +0.8) LCB   17.90c P 23.37% WF 135.5 PSV     112 N     135  --  Q4 Q16 D16 R3 Q3 R4 R6 R5
Q17 : T  16.86c W  16.68c S   0.18c ( +1.2 L  +0.6) LCB   14.15c P  2.78% WF  18.6 PSV       9 N      19  --  Q17 Q4 D16 R15 O16
R16 : T  16.87c W  16.69c S   0.18c ( +1.2 L  +0.6) LCB   13.80c P  2.12% WF  13.7 PSV       7 N      14  --  R16 D16 Q4 P17 Q15
R4  : T  16.17c W  15.99c S   0.18c ( +1.1 L  +0.6) LCB   12.24c P  2.29% WF  12.7 PSV       7 N      13  --  R4 Q16 D16 P3 Q6
Q3  : T  16.06c W  16.04c S   0.02c ( +1.1 L  +0.6) LCB   10.76c P  2.13% WF  10.7 PSV       6 N      11  --  Q3 Q16 D16 R5 O4 C17
C16 : T  16.38c W  16.11c S   0.27c ( +1.1 L  +0.6) LCB   11.65c P  1.71% WF   9.8 PSV       5 N      10  --  C16 Q16 Q4 E17 D14
D17 : T  15.93c W  15.77c S   0.16c ( +1.1 L  +0.6) LCB    7.59c P  1.68% WF   7.8 PSV       5 N       8  --  D17 Q16 Q4 C15 F16
R17 : T  15.26c W  14.70c S   0.56c ( +1.0 L  +0.5) LCB  -90.19c P  0.41% WF   3.9 PSV       1 N       4  --  R17 D16 Q4

2021-04-27 13:53:36+1000: = Q16
