2021-04-27 13:50:38+1000: GTP Engine starting...
2021-04-27 13:50:38+1000: KataGo v1.8.2
2021-04-27 13:50:38+1000: Using TrompTaylor rules initially, unless GTP/GUI overrides this
2021-04-27 13:50:38+1000: Using 10 CPU thread(s) for search
2021-04-27 13:50:38+1000: nnRandSeed0 = 11559519014862631279
2021-04-27 13:50:38+1000: After dedups: nnModelFile0 = ..\Engines\katago-v1.8.2-opencl-windows-x64\g170-b40c256x2-s5095420928-d1229425124.bin.gz useFP16 auto useNHWC auto
2021-04-27 13:50:39+1000: Found OpenCL Platform 0: NVIDIA CUDA (NVIDIA Corporation) (OpenCL 1.2 CUDA 11.1.96)
2021-04-27 13:50:39+1000: Found 1 device(s) on platform 0 with type CPU or GPU or Accelerator
2021-04-27 13:50:39+1000: Found OpenCL Device 0: GeForce GTX 1070 Ti (NVIDIA Corporation) (score 11000102)
2021-04-27 13:50:39+1000: Creating context for OpenCL Platform: NVIDIA CUDA (NVIDIA Corporation) (OpenCL 1.2 CUDA 11.1.96)
2021-04-27 13:50:40+1000: Using OpenCL Device 0: GeForce GTX 1070 Ti (NVIDIA Corporation) OpenCL 1.2 CUDA (Extensions: cl_khr_global_int32_base_atomics cl_khr_global_int32_extended_atomics cl_khr_local_int32_base_atomics cl_khr_local_int32_extended_atomics cl_khr_fp64 cl_khr_byte_addressable_store cl_khr_icd cl_khr_gl_sharing cl_nv_compiler_options cl_nv_device_attribute_query cl_nv_pragma_unroll cl_nv_d3d10_sharing cl_khr_d3d10_sharing cl_nv_d3d11_sharing cl_nv_copy_opts cl_nv_create_buffer cl_khr_int64_base_atomics cl_khr_int64_extended_atomics cl_khr_device_uuid)
2021-04-27 13:50:40+1000: Loaded tuning parameters from: C:\Users\danie\Documents\Go Games\Go Teacher Sai\Engines\katago-v1.8.2-opencl-windows-x64/KataGoData/opencltuning/tune8_gpuGeForceGTX1070Ti_x19_y19_c256_mv8.txt
2021-04-27 13:50:40+1000: OpenCL backend thread 0: Model version 8
2021-04-27 13:50:40+1000: OpenCL backend thread 0: Model name: g170-b40c256x2-s5095420928-d1229425124
2021-04-27 13:50:45+1000: OpenCL backend thread 0: FP16Storage false FP16Compute false FP16TensorCores false
2021-04-27 13:50:45+1000: Loaded neural net with nnXLen 19 nnYLen 19
2021-04-27 13:50:45+1000: Loaded config C:\Users\danie\Documents\Go Games\Go Teacher Sai\Engines\katago-v1.8.2-opencl-windows-x64/default_gtp.cfg
2021-04-27 13:50:45+1000: Loaded model ..\Engines\katago-v1.8.2-opencl-windows-x64\g170-b40c256x2-s5095420928-d1229425124.bin.gz
2021-04-27 13:50:45+1000: Model name: g170-b40c256x2-s5095420928-d1229425124
2021-04-27 13:50:45+1000: GTP ready, beginning main protocol loop
2021-04-27 13:50:52+1000: Controller: loadsgf sgf_files/Sai_W_vs_Human_B_2021-04-27_13-50-49.sgf
2021-04-27 13:50:52+1000: Sgf has no rules, using default rules: koPOSITIONALscoreAREAtaxNONEsui1komi7.5
2021-04-27 13:50:52+1000: = 
2021-04-27 13:50:52+1000: Controller: genmove white
2021-04-27 13:50:55+1000: MoveNum: 0 HASH: 20D027FF3D8F63642B79C3F658C233F1
   A B C D E F G H J K L M N O P Q R S T
19 . . . . . . . . . . . . . . . . . . .
18 . . . . . . . . . . . . . . . . . . .
17 . . . . . . . . . . . . . . . . . . .
16 . . . . . . . . . . . . . . . @ . . .
15 . . . . . . . . . . . . . . . . . . .
14 . . . . . . . . . . . . . . . . . . .
13 . . . . . . . . . . . . . . . . . . .
12 . . . . . . . . . . . . . . . . . . .
11 . . . . . . . . . . . . . . . . . . .
10 . . . . . . . . . . . . . . . . . . .
 9 . . . . . . . . . . . . . . . . . . .
 8 . . . . . . . . . . . . . . . . . . .
 7 . . . . . . . . . . . . . . . . . . .
 6 . . . . . . . . . . . . . . . . . . .
 5 . . . . . . . . . . . . . . . . . . .
 4 . . . X . . . . . . . . . . . . . . .
 3 . . . . . . . . . . . . . . . . . . .
 2 . . . . . . . . . . . . . . . . . . .
 1 . . . . . . . . . . . . . . . . . . .

koPOSITIONALscoreAREAtaxNONEsui1komi7.5
Time taken: 2.093
Root visits: 509
New playouts: 509
NN rows: 389
NN batches: 79
NN avg batch size: 4.92405
PV: D16 Q4 Q16 C17 C16 D17 E16 F18
Tree:
: T  18.56c W  18.27c S   0.29c ( +1.4 L  +0.7) N     509  --  D16 Q4 Q16 C17 C16 D17 E16
---White(^)---
D16 : T  19.04c W  18.73c S   0.31c ( +1.4 L  +0.8) LCB   17.96c P 23.37% WF 134.7 PSV     171 N     134  --  D16 Q4 Q16 C17 C16 D17 E16 F18
Q16 : T  18.97c W  18.62c S   0.35c ( +1.4 L  +0.8) LCB   17.85c P 31.90% WF 149.6 PSV     149 N     149  --  Q16 D16 Q4 R17 R16 Q17 P16 O17
Q4  : T  18.91c W  18.57c S   0.34c ( +1.4 L  +0.8) LCB   17.83c P 28.11% WF 145.4 PSV     130 N     145  --  Q4 Q16 D16 C17 C16 D17 F17 E17
R16 : T  16.69c W  16.67c S   0.03c ( +1.2 L  +0.6) LCB   13.43c P  2.78% WF  17.6 PSV       9 N      18  --  R16 D16 Q4 P17 Q15
Q17 : T  16.89c W  16.60c S   0.29c ( +1.2 L  +0.6) LCB   13.35c P  2.12% WF  14.7 PSV       7 N      15  --  Q17 Q4 D16 Q15 R15
D17 : T  15.80c W  16.04c S  -0.24c ( +1.0 L  +0.6) LCB   12.25c P  2.29% WF  12.7 PSV       6 N      13  --  D17 Q16 Q4 C15 F16 R3
C16 : T  16.52c W  16.33c S   0.20c ( +1.1 L  +0.6) LCB   12.96c P  2.13% WF  12.7 PSV       6 N      13  --  C16 Q16 Q4 E17 D14
Q3  : T  16.22c W  16.29c S  -0.07c ( +1.1 L  +0.6) LCB    8.96c P  1.71% WF   8.8 PSV       5 N       9  --  Q3 Q16 D16 R5 P4 C17
R4  : T  15.83c W  16.01c S  -0.17c ( +1.1 L  +0.6) LCB   10.50c P  1.68% WF   7.8 PSV       5 N       8  --  R4 Q16 D16 P3 Q6
R17 : T  14.66c W  14.36c S   0.30c ( +1.0 L  +0.5) LCB  -74.14c P  0.41% WF   3.9 PSV       1 N       4  --  R17 Q4 C16

2021-04-27 13:50:55+1000: = Q16
